[2024-05-16 21:12:52] [ INFO ] [OdontologoDaoH2:40] Felicidades, se ha registrado con éxito el odontologo: Odontologo{id=4, numeroDeMatricula='1233', nombre='Nombre', apellido='Apellido'}
[2024-05-16 21:14:59] [ INFO ] [OdontologoDaoH2:29] Felicidades, se ha registrado con éxito el odontologo: Odontologo{id=null, numeroDeMatricula='123456', nombre='Nombre1', apellido='Apellido1'}
[2024-05-16 21:18:46] [ INFO ] [OdontologoDaoH2:29] Felicidades, se ha registrado con éxito el odontologo: Odontologo{id=1, numeroDeMatricula='123456', nombre='Nombre1', apellido='Apellido1'}
[2024-05-16 21:19:18] [ INFO ] [OdontologoDaoH2:29] Felicidades, se ha registrado con éxito el odontologo: Odontologo{id=1, numeroDeMatricula='123456', nombre='Nombre1', apellido='Apellido1'}
[2024-05-16 21:22:22] [ INFO ] [OdontologoDaoH2:99] Listado de todos los odontologos registrados: [Odontologo{id=1, numeroDeMatricula='123456789', nombre='Pepito', apellido='Perez'}, Odontologo{id=2, numeroDeMatricula='987654321', nombre='Margarita', apellido='Arias'}, Odontologo{id=3, numeroDeMatricula='1233', nombre='Nombre', apellido='Apellido'}, Odontologo{id=4, numeroDeMatricula='1233', nombre='Nombre', apellido='Apellido'}]
[2024-05-16 21:27:08] [ INFO ] [OdontologoDaoH2:40] Felicidades, se ha registrado con éxito el odontologo: Odontologo{id=3, numeroDeMatricula='1233', nombre='Nombre', apellido='Apellido'}
[2024-05-16 21:27:19] [ INFO ] [OdontologoDaoH2:99] Listado de todos los odontologos registrados: [Odontologo{id=1, numeroDeMatricula='123456789', nombre='Pepito', apellido='Perez'}, Odontologo{id=2, numeroDeMatricula='987654321', nombre='Margarita', apellido='Arias'}, Odontologo{id=3, numeroDeMatricula='1233', nombre='Nombre', apellido='Apellido'}]
[2024-05-16 21:29:30] [ INFO ] [OdontologoDaoH2:27] Felicidades, se ha registrado con éxito el odontologo: Odontologo{id=1, numeroDeMatricula='123456', nombre='Nombre1', apellido='Apellido1'}
[2024-05-16 21:29:30] [ INFO ] [OdontologoDaoH2:27] Felicidades, se ha registrado con éxito el odontologo: Odontologo{id=2, numeroDeMatricula='123456', nombre='Nombre2', apellido='Apellido2'}
[2024-05-16 21:29:30] [ INFO ] [OdontologoDaoH2:42] Listado de todos los odontologos registrados: [Odontologo{id=2, numeroDeMatricula='123456', nombre='Nombre2', apellido='Apellido2'}]
[2024-05-16 21:33:06] [ INFO ] [OdontologoDaoH2:27] Felicidades, se ha registrado con éxito el odontologo: Odontologo{id=1, numeroDeMatricula='1234563', nombre='Nombre1', apellido='Apellido1'}
[2024-05-16 21:33:06] [ INFO ] [OdontologoDaoH2:27] Felicidades, se ha registrado con éxito el odontologo: Odontologo{id=2, numeroDeMatricula='123456', nombre='Nombre2', apellido='Apellido2'}
[2024-05-16 21:33:06] [ INFO ] [OdontologoDaoH2:42] Listado de todos los odontologos registrados: [Odontologo{id=2, numeroDeMatricula='123456', nombre='Nombre2', apellido='Apellido2'}, Odontologo{id=1, numeroDeMatricula='1234563', nombre='Nombre1', apellido='Apellido1'}]
[2024-05-16 21:37:24] [ INFO ] [OdontologoDaoH2:40] Felicidades, se ha registrado con éxito el odontologo: Odontologo{id=4, numeroDeMatricula='1233', nombre='Nombre', apellido='Apellido'}
[2024-05-16 21:37:54] [ INFO ] [OdontologoDaoH2:40] Felicidades, se ha registrado con éxito el odontologo: Odontologo{id=3, numeroDeMatricula='1233', nombre='Nombre', apellido='Apellido'}
[2024-05-16 21:42:25] [ INFO ] [OdontologoDaoH2:27] Felicidades, se ha registrado con éxito el odontologo: Odontologo{id=1, numeroDeMatricula='123456', nombre='Nombre1', apellido='Apellido1'}
[2024-05-16 21:43:05] [ INFO ] [OdontologoDaoH2:99] Listado de todos los odontologos registrados: [Odontologo{id=1, numeroDeMatricula='123456789', nombre='Pepito', apellido='Perez'}, Odontologo{id=2, numeroDeMatricula='987654321', nombre='Margarita', apellido='Arias'}, Odontologo{id=3, numeroDeMatricula='1233', nombre='Nombre', apellido='Apellido'}]
[2024-05-16 21:44:09] [ INFO ] [OdontologoDaoH2:27] Felicidades, se ha registrado con éxito el odontologo: Odontologo{id=1, numeroDeMatricula='1234563', nombre='Nombre1', apellido='Apellido1'}
[2024-05-16 21:44:09] [ INFO ] [OdontologoDaoH2:27] Felicidades, se ha registrado con éxito el odontologo: Odontologo{id=2, numeroDeMatricula='123456', nombre='Nombre2', apellido='Apellido2'}
[2024-05-16 21:44:09] [ INFO ] [OdontologoDaoH2:42] Listado de todos los odontologos registrados: [Odontologo{id=2, numeroDeMatricula='123456', nombre='Nombre2', apellido='Apellido2'}, Odontologo{id=1, numeroDeMatricula='1234563', nombre='Nombre1', apellido='Apellido1'}]
[2024-05-16 21:45:03] [ INFO ] [OdontologoDaoH2:27] Felicidades, se ha registrado con éxito el odontologo: Odontologo{id=1, numeroDeMatricula='123456', nombre='Nombre1', apellido='Apellido1'}
[2024-05-16 21:45:03] [ INFO ] [OdontologoDaoH2:42] Listado de todos los odontologos registrados: [Odontologo{id=1, numeroDeMatricula='123456', nombre='Nombre1', apellido='Apellido1'}]
[2024-05-16 21:46:58] [ INFO ] [OdontologoDaoH2:27] Felicidades, se ha registrado con éxito el odontologo: Odontologo{id=1, numeroDeMatricula='123456', nombre='Nombre1', apellido='Apellido1'}
[2024-05-16 21:46:58] [ INFO ] [OdontologoDaoH2:99] Listado de todos los odontologos registrados: [Odontologo{id=1, numeroDeMatricula='123456789', nombre='Pepito', apellido='Perez'}, Odontologo{id=2, numeroDeMatricula='987654321', nombre='Margarita', apellido='Arias'}, Odontologo{id=3, numeroDeMatricula='1233', nombre='Nombre', apellido='Apellido'}]
[2024-05-16 21:46:58] [ INFO ] [OdontologoDaoH2:27] Felicidades, se ha registrado con éxito el odontologo: Odontologo{id=1, numeroDeMatricula='1234563', nombre='Nombre1', apellido='Apellido1'}
[2024-05-16 21:46:58] [ INFO ] [OdontologoDaoH2:27] Felicidades, se ha registrado con éxito el odontologo: Odontologo{id=2, numeroDeMatricula='123456', nombre='Nombre2', apellido='Apellido2'}
[2024-05-16 21:46:58] [ INFO ] [OdontologoDaoH2:42] Listado de todos los odontologos registrados: [Odontologo{id=2, numeroDeMatricula='123456', nombre='Nombre2', apellido='Apellido2'}, Odontologo{id=1, numeroDeMatricula='1234563', nombre='Nombre1', apellido='Apellido1'}]
[2024-05-16 21:46:58] [ INFO ] [OdontologoDaoH2:40] Felicidades, se ha registrado con éxito el odontologo: Odontologo{id=4, numeroDeMatricula='1233', nombre='Nombre', apellido='Apellido'}
[2024-05-16 21:47:37] [ INFO ] [OdontologoDaoH2:27] Felicidades, se ha registrado con éxito el odontologo: Odontologo{id=1, numeroDeMatricula='1234561', nombre='Nombre1', apellido='Apellido1'}
[2024-05-16 21:47:37] [ INFO ] [OdontologoDaoH2:99] Listado de todos los odontologos registrados: [Odontologo{id=1, numeroDeMatricula='123456789', nombre='Pepito', apellido='Perez'}, Odontologo{id=2, numeroDeMatricula='987654321', nombre='Margarita', apellido='Arias'}, Odontologo{id=3, numeroDeMatricula='1233', nombre='Nombre', apellido='Apellido'}, Odontologo{id=4, numeroDeMatricula='1233', nombre='Nombre', apellido='Apellido'}]
[2024-05-16 21:47:37] [ INFO ] [OdontologoDaoH2:27] Felicidades, se ha registrado con éxito el odontologo: Odontologo{id=1, numeroDeMatricula='1234563', nombre='Nombre1', apellido='Apellido1'}
[2024-05-16 21:47:37] [ INFO ] [OdontologoDaoH2:27] Felicidades, se ha registrado con éxito el odontologo: Odontologo{id=2, numeroDeMatricula='123456', nombre='Nombre2', apellido='Apellido2'}
[2024-05-16 21:47:37] [ INFO ] [OdontologoDaoH2:42] Listado de todos los odontologos registrados: [Odontologo{id=1, numeroDeMatricula='1234561', nombre='Nombre1', apellido='Apellido1'}, Odontologo{id=2, numeroDeMatricula='123456', nombre='Nombre2', apellido='Apellido2'}, Odontologo{id=1, numeroDeMatricula='1234563', nombre='Nombre1', apellido='Apellido1'}]
[2024-05-16 21:47:37] [ INFO ] [OdontologoDaoH2:40] Felicidades, se ha registrado con éxito el odontologo: Odontologo{id=5, numeroDeMatricula='1233', nombre='Nombre', apellido='Apellido'}
[2024-05-16 21:48:13] [ INFO ] [OdontologoDaoH2:27] Felicidades, se ha registrado con éxito el odontologo: Odontologo{id=1, numeroDeMatricula='1234561', nombre='Nombre1', apellido='Apellido1'}
[2024-05-16 21:48:13] [ INFO ] [OdontologoDaoH2:99] Listado de todos los odontologos registrados: [Odontologo{id=1, numeroDeMatricula='123456789', nombre='Pepito', apellido='Perez'}, Odontologo{id=2, numeroDeMatricula='987654321', nombre='Margarita', apellido='Arias'}, Odontologo{id=3, numeroDeMatricula='1233', nombre='Nombre', apellido='Apellido'}, Odontologo{id=4, numeroDeMatricula='1233', nombre='Nombre', apellido='Apellido'}, Odontologo{id=5, numeroDeMatricula='1233', nombre='Nombre', apellido='Apellido'}]
[2024-05-16 21:48:13] [ INFO ] [OdontologoDaoH2:27] Felicidades, se ha registrado con éxito el odontologo: Odontologo{id=2, numeroDeMatricula='1234563', nombre='Nombre1', apellido='Apellido1'}
[2024-05-16 21:48:13] [ INFO ] [OdontologoDaoH2:27] Felicidades, se ha registrado con éxito el odontologo: Odontologo{id=3, numeroDeMatricula='123456', nombre='Nombre2', apellido='Apellido2'}
[2024-05-16 21:48:13] [ INFO ] [OdontologoDaoH2:42] Listado de todos los odontologos registrados: [Odontologo{id=1, numeroDeMatricula='1234561', nombre='Nombre1', apellido='Apellido1'}, Odontologo{id=3, numeroDeMatricula='123456', nombre='Nombre2', apellido='Apellido2'}, Odontologo{id=2, numeroDeMatricula='1234563', nombre='Nombre1', apellido='Apellido1'}]
[2024-05-16 21:48:13] [ INFO ] [OdontologoDaoH2:40] Felicidades, se ha registrado con éxito el odontologo: Odontologo{id=6, numeroDeMatricula='1233', nombre='Nombre', apellido='Apellido'}
[2024-05-16 21:48:41] [ INFO ] [OdontologoDaoH2:27] Felicidades, se ha registrado con éxito el odontologo: Odontologo{id=1, numeroDeMatricula='1234561', nombre='Nombre1', apellido='Apellido1'}
[2024-05-16 21:48:41] [ INFO ] [OdontologoDaoH2:27] Felicidades, se ha registrado con éxito el odontologo: Odontologo{id=2, numeroDeMatricula='1234563', nombre='Nombre1', apellido='Apellido1'}
[2024-05-16 21:48:41] [ INFO ] [OdontologoDaoH2:27] Felicidades, se ha registrado con éxito el odontologo: Odontologo{id=3, numeroDeMatricula='123456', nombre='Nombre2', apellido='Apellido2'}
[2024-05-16 21:48:41] [ INFO ] [OdontologoDaoH2:42] Listado de todos los odontologos registrados: [Odontologo{id=1, numeroDeMatricula='1234561', nombre='Nombre1', apellido='Apellido1'}, Odontologo{id=3, numeroDeMatricula='123456', nombre='Nombre2', apellido='Apellido2'}, Odontologo{id=2, numeroDeMatricula='1234563', nombre='Nombre1', apellido='Apellido1'}]
[2024-05-16 21:58:58] [ INFO ] [OdontologoDaoH2:40] Felicidades, se ha registrado con éxito en la BDD H2 el odontologo: Odontologo{id=7, numeroDeMatricula='123', nombre='Juan', apellido='Michi'}
[2024-05-16 21:58:58] [ INFO ] [OdontologoDaoH2:27] Felicidades, se ha registrado con éxito en la memoria el odontologo: Odontologo{id=1, numeroDeMatricula='111', nombre='Juan', apellido='Michi'}
[2024-05-16 21:58:58] [ INFO ] [OdontologoDaoH2:99] Listado de todos los odontologos registrados en la BDD H2: [Odontologo{id=1, numeroDeMatricula='123456789', nombre='Pepito', apellido='Perez'}, Odontologo{id=2, numeroDeMatricula='987654321', nombre='Margarita', apellido='Arias'}, Odontologo{id=3, numeroDeMatricula='1233', nombre='Nombre', apellido='Apellido'}, Odontologo{id=4, numeroDeMatricula='1233', nombre='Nombre', apellido='Apellido'}, Odontologo{id=5, numeroDeMatricula='1233', nombre='Nombre', apellido='Apellido'}, Odontologo{id=6, numeroDeMatricula='1233', nombre='Nombre', apellido='Apellido'}, Odontologo{id=7, numeroDeMatricula='123', nombre='Juan', apellido='Michi'}]
[2024-05-16 21:58:58] [ INFO ] [OdontologoDaoH2:27] Felicidades, se ha registrado con éxito en la memoria el odontologo: Odontologo{id=2, numeroDeMatricula='112', nombre='Lola', apellido='Hurtado'}
[2024-05-16 21:58:58] [ INFO ] [OdontologoDaoH2:27] Felicidades, se ha registrado con éxito en la memoria el odontologo: Odontologo{id=3, numeroDeMatricula='113', nombre='Bruno', apellido='Diaz'}
[2024-05-16 21:58:58] [ INFO ] [OdontologoDaoH2:42] Listado de todos los odontologos registrados en la memoria: [Odontologo{id=1, numeroDeMatricula='111', nombre='Juan', apellido='Michi'}, Odontologo{id=2, numeroDeMatricula='112', nombre='Lola', apellido='Hurtado'}, Odontologo{id=3, numeroDeMatricula='113', nombre='Bruno', apellido='Diaz'}]
[2024-05-16 21:59:26] [ INFO ] [OdontologoDaoH2:40] Felicidades, se ha registrado con éxito en la BDD H2 el odontologo: Odontologo{id=3, numeroDeMatricula='123', nombre='Juan', apellido='Michi'}
[2024-05-16 21:59:26] [ INFO ] [OdontologoDaoH2:27] Felicidades, se ha registrado con éxito en la memoria el odontologo: Odontologo{id=1, numeroDeMatricula='111', nombre='Juan', apellido='Michi'}
[2024-05-16 21:59:26] [ INFO ] [OdontologoDaoH2:99] Listado de todos los odontologos registrados en la BDD H2: [Odontologo{id=1, numeroDeMatricula='123456789', nombre='Pepito', apellido='Perez'}, Odontologo{id=2, numeroDeMatricula='987654321', nombre='Margarita', apellido='Arias'}, Odontologo{id=3, numeroDeMatricula='123', nombre='Juan', apellido='Michi'}]
[2024-05-16 21:59:26] [ INFO ] [OdontologoDaoH2:27] Felicidades, se ha registrado con éxito en la memoria el odontologo: Odontologo{id=2, numeroDeMatricula='112', nombre='Lola', apellido='Hurtado'}
[2024-05-16 21:59:26] [ INFO ] [OdontologoDaoH2:27] Felicidades, se ha registrado con éxito en la memoria el odontologo: Odontologo{id=3, numeroDeMatricula='113', nombre='Bruno', apellido='Diaz'}
[2024-05-16 21:59:26] [ INFO ] [OdontologoDaoH2:42] Listado de todos los odontologos registrados en la memoria: [Odontologo{id=1, numeroDeMatricula='111', nombre='Juan', apellido='Michi'}, Odontologo{id=2, numeroDeMatricula='112', nombre='Lola', apellido='Hurtado'}, Odontologo{id=3, numeroDeMatricula='113', nombre='Bruno', apellido='Diaz'}]
[2024-05-16 22:05:17] [ INFO ] [OdontologoDaoH2:99] Listado de todos los odontologos registrados en la BDD H2: [Odontologo{id=1, numeroDeMatricula='123456789', nombre='Pepito', apellido='Perez'}, Odontologo{id=2, numeroDeMatricula='987654321', nombre='Margarita', apellido='Arias'}, Odontologo{id=3, numeroDeMatricula='123', nombre='Juan', apellido='Michi'}]
[2024-05-16 22:06:04] [ INFO ] [OdontologoDaoH2:27] Felicidades, se ha registrado con éxito en la memoria el odontologo: Odontologo{id=2, numeroDeMatricula='112', nombre='Lola', apellido='Hurtado'}
[2024-05-16 22:06:04] [ INFO ] [OdontologoDaoH2:27] Felicidades, se ha registrado con éxito en la memoria el odontologo: Odontologo{id=3, numeroDeMatricula='113', nombre='Bruno', apellido='Diaz'}
[2024-05-16 22:06:04] [ INFO ] [OdontologoDaoH2:42] Listado de todos los odontologos registrados en la memoria: [Odontologo{id=2, numeroDeMatricula='112', nombre='Lola', apellido='Hurtado'}, Odontologo{id=3, numeroDeMatricula='113', nombre='Bruno', apellido='Diaz'}]
